# JRE version: OpenJDK Runtime Environment (17.0.6) (build 17.0.6+0-b2043.56-9586694)
# Java VM: OpenJDK 64-Bit Server VM (17.0.6+0-b2043.56-9586694, mixed mode, tiered, compressed oops, compressed class ptrs, g1 gc, windows-amd64)
GC Precious Log:
 CPUs: 4 total, 4 available
 Memory: 8108M
 Large Page Support: Disabled
 NUMA Support: Disabled
 Compressed Oops: Enabled (32-bit)
 Heap Region Size: 1M
 Heap Min Capacity: 8M
 Heap Initial Capacity: 128M
 Heap Max Capacity: 2G
 Pre-touch: Disabled
 Parallel Workers: 4
 Concurrent Workers: 1
 Concurrent Refinement Workers: 4
 Periodic GC: Disabled
Heap:
 garbage-first heap   total 267264K, used 134314K [0x0000000080000000, 0x0000000100000000)
  region size 1024K, 83 young (84992K), 1 survivors (1024K)
 Metaspace       used 73768K, committed 74304K, reserved 1114112K
  class space    used 9982K, committed 10240K, reserved 1048576K
GC Heap History (20 events):
Event: 10.291 GC heap before
{Heap before GC invocations=16 (full 0):
 garbage-first heap   total 78848K, used 64074K [0x0000000080000000, 0x0000000100000000)
  region size 1024K, 31 young (31744K), 4 survivors (4096K)
 Metaspace       used 53739K, committed 54208K, reserved 1097728K
  class space    used 7088K, committed 7296K, reserved 1048576K
}
Event: 10.314 GC heap after
{Heap after GC invocations=17 (full 0):
 garbage-first heap   total 78848K, used 41857K [0x0000000080000000, 0x0000000100000000)
  region size 1024K, 4 young (4096K), 4 survivors (4096K)
 Metaspace       used 53739K, committed 54208K, reserved 1097728K
  class space    used 7088K, committed 7296K, reserved 1048576K
}
Event: 10.981 GC heap before
{Heap before GC invocations=17 (full 0):
 garbage-first heap   total 78848K, used 62337K [0x0000000080000000, 0x0000000100000000)
  region size 1024K, 24 young (24576K), 4 survivors (4096K)
 Metaspace       used 57081K, committed 57600K, reserved 1105920K
  class space    used 7475K, committed 7680K, reserved 1048576K
}
Event: 10.987 GC heap after
{Heap after GC invocations=18 (full 0):
 garbage-first heap   total 78848K, used 43023K [0x0000000080000000, 0x0000000100000000)
  region size 1024K, 1 young (1024K), 1 survivors (1024K)
 Metaspace       used 57081K, committed 57600K, reserved 1105920K
  class space    used 7475K, committed 7680K, reserved 1048576K
}
Event: 11.579 GC heap before
{Heap before GC invocations=19 (full 0):
 garbage-first heap   total 78848K, used 64527K [0x0000000080000000, 0x0000000100000000)
  region size 1024K, 21 young (21504K), 1 survivors (1024K)
 Metaspace       used 61075K, committed 61568K, reserved 1105920K
  class space    used 8028K, committed 8256K, reserved 1048576K
}
Event: 11.584 GC heap after
{Heap after GC invocations=20 (full 0):
 garbage-first heap   total 78848K, used 46626K [0x0000000080000000, 0x0000000100000000)
  region size 1024K, 3 young (3072K), 3 survivors (3072K)
 Metaspace       used 61075K, committed 61568K, reserved 1105920K
  class space    used 8028K, committed 8256K, reserved 1048576K
}
Event: 11.587 GC heap before
{Heap before GC invocations=20 (full 0):
 garbage-first heap   total 78848K, used 47650K [0x0000000080000000, 0x0000000100000000)
  region size 1024K, 4 young (4096K), 3 survivors (3072K)
 Metaspace       used 61075K, committed 61568K, reserved 1105920K
  class space    used 8028K, committed 8256K, reserved 1048576K
}
Event: 11.593 GC heap after
{Heap after GC invocations=21 (full 0):
 garbage-first heap   total 95232K, used 47459K [0x0000000080000000, 0x0000000100000000)
  region size 1024K, 1 young (1024K), 1 survivors (1024K)
 Metaspace       used 61075K, committed 61568K, reserved 1105920K
  class space    used 8028K, committed 8256K, reserved 1048576K
}
Event: 11.595 GC heap before
{Heap before GC invocations=21 (full 0):
 garbage-first heap   total 95232K, used 47459K [0x0000000080000000, 0x0000000100000000)
  region size 1024K, 2 young (2048K), 1 survivors (1024K)
 Metaspace       used 61075K, committed 61568K, reserved 1105920K
  class space    used 8028K, committed 8256K, reserved 1048576K
}
Event: 11.597 GC heap after
{Heap after GC invocations=22 (full 0):
 garbage-first heap   total 95232K, used 47815K [0x0000000080000000, 0x0000000100000000)
  region size 1024K, 2 young (2048K), 2 survivors (2048K)
 Metaspace       used 61075K, committed 61568K, reserved 1105920K
  class space    used 8028K, committed 8256K, reserved 1048576K
}
Event: 11.963 GC heap before
{Heap before GC invocations=23 (full 0):
 garbage-first heap   total 106496K, used 72391K [0x0000000080000000, 0x0000000100000000)
  region size 1024K, 21 young (21504K), 2 survivors (2048K)
 Metaspace       used 62476K, committed 62976K, reserved 1105920K
  class space    used 8221K, committed 8448K, reserved 1048576K
}
Event: 11.967 GC heap after
{Heap after GC invocations=24 (full 0):
 garbage-first heap   total 106496K, used 50412K [0x0000000080000000, 0x0000000100000000)
  region size 1024K, 2 young (2048K), 2 survivors (2048K)
 Metaspace       used 62476K, committed 62976K, reserved 1105920K
  class space    used 8221K, committed 8448K, reserved 1048576K
}
Event: 12.022 GC heap before
{Heap before GC invocations=24 (full 0):
 garbage-first heap   total 106496K, used 52460K [0x0000000080000000, 0x0000000100000000)
  region size 1024K, 5 young (5120K), 2 survivors (2048K)
 Metaspace       used 62790K, committed 63232K, reserved 1105920K
  class space    used 8260K, committed 8448K, reserved 1048576K
}
Event: 12.027 GC heap after
{Heap after GC invocations=25 (full 0):
 garbage-first heap   total 106496K, used 50351K [0x0000000080000000, 0x0000000100000000)
  region size 1024K, 1 young (1024K), 1 survivors (1024K)
 Metaspace       used 62790K, committed 63232K, reserved 1105920K
  class space    used 8260K, committed 8448K, reserved 1048576K
}
Event: 12.465 GC heap before
{Heap before GC invocations=25 (full 0):
 garbage-first heap   total 106496K, used 75951K [0x0000000080000000, 0x0000000100000000)
  region size 1024K, 27 young (27648K), 1 survivors (1024K)
 Metaspace       used 64806K, committed 65280K, reserved 1114112K
  class space    used 8492K, committed 8704K, reserved 1048576K
}
Event: 12.470 GC heap after
{Heap after GC invocations=26 (full 0):
 garbage-first heap   total 106496K, used 52686K [0x0000000080000000, 0x0000000100000000)
  region size 1024K, 3 young (3072K), 3 survivors (3072K)
 Metaspace       used 64806K, committed 65280K, reserved 1114112K
  class space    used 8492K, committed 8704K, reserved 1048576K
}
Event: 12.882 GC heap before
{Heap before GC invocations=27 (full 0):
 garbage-first heap   total 106496K, used 77262K [0x0000000080000000, 0x0000000100000000)
  region size 1024K, 29 young (29696K), 3 survivors (3072K)
 Metaspace       used 65727K, committed 66240K, reserved 1114112K
  class space    used 8639K, committed 8832K, reserved 1048576K
}
Event: 12.890 GC heap after
{Heap after GC invocations=28 (full 0):
 garbage-first heap   total 106496K, used 51295K [0x0000000080000000, 0x0000000100000000)
  region size 1024K, 2 young (2048K), 2 survivors (2048K)
 Metaspace       used 65727K, committed 66240K, reserved 1114112K
  class space    used 8639K, committed 8832K, reserved 1048576K
}
Event: 12.921 GC heap before
{Heap before GC invocations=28 (full 0):
 garbage-first heap   total 106496K, used 54367K [0x0000000080000000, 0x0000000100000000)
  region size 1024K, 5 young (5120K), 2 survivors (2048K)
 Metaspace       used 65753K, committed 66240K, reserved 1114112K
  class space    used 8642K, committed 8832K, reserved 1048576K
}
Event: 12.929 GC heap after
{Heap after GC invocations=29 (full 0):
 garbage-first heap   total 267264K, used 51370K [0x0000000080000000, 0x0000000100000000)
  region size 1024K, 1 young (1024K), 1 survivors (1024K)
 Metaspace       used 65753K, committed 66240K, reserved 1114112K
  class space    used 8642K, committed 8832K, reserved 1048576K
}

