# JRE version: OpenJDK Runtime Environment (17.0.6) (build 17.0.6+0-b2043.56-9586694)
# Java VM: OpenJDK 64-Bit Server VM (17.0.6+0-b2043.56-9586694, mixed mode, tiered, compressed oops, compressed class ptrs, g1 gc, windows-amd64)
GC Precious Log:
 CPUs: 4 total, 4 available
 Memory: 8108M
 Large Page Support: Disabled
 NUMA Support: Disabled
 Compressed Oops: Enabled (32-bit)
 Heap Region Size: 1M
 Heap Min Capacity: 8M
 Heap Initial Capacity: 128M
 Heap Max Capacity: 2G
 Pre-touch: Disabled
 Parallel Workers: 4
 Concurrent Workers: 1
 Concurrent Refinement Workers: 4
 Periodic GC: Disabled
Heap:
 garbage-first heap   total 142336K, used 93678K [0x0000000080000000, 0x0000000100000000)
  region size 1024K, 43 young (44032K), 8 survivors (8192K)
 Metaspace       used 79806K, committed 80384K, reserved 1122304K
  class space    used 10844K, committed 11136K, reserved 1048576K
GC Heap History (20 events):
Event: 7.306 GC heap before
{Heap before GC invocations=14 (full 0):
 garbage-first heap   total 78848K, used 60610K [0x0000000080000000, 0x0000000100000000)
  region size 1024K, 30 young (30720K), 2 survivors (2048K)
 Metaspace       used 48502K, committed 48896K, reserved 1097728K
  class space    used 6413K, committed 6592K, reserved 1048576K
}
Event: 7.310 GC heap after
{Heap after GC invocations=15 (full 0):
 garbage-first heap   total 78848K, used 32242K [0x0000000080000000, 0x0000000100000000)
  region size 1024K, 4 young (4096K), 4 survivors (4096K)
 Metaspace       used 48502K, committed 48896K, reserved 1097728K
  class space    used 6413K, committed 6592K, reserved 1048576K
}
Event: 8.017 GC heap before
{Heap before GC invocations=15 (full 0):
 garbage-first heap   total 78848K, used 58866K [0x0000000080000000, 0x0000000100000000)
  region size 1024K, 31 young (31744K), 4 survivors (4096K)
 Metaspace       used 50409K, committed 50752K, reserved 1097728K
  class space    used 6652K, committed 6784K, reserved 1048576K
}
Event: 8.024 GC heap after
{Heap after GC invocations=16 (full 0):
 garbage-first heap   total 78848K, used 34131K [0x0000000080000000, 0x0000000100000000)
  region size 1024K, 4 young (4096K), 4 survivors (4096K)
 Metaspace       used 50409K, committed 50752K, reserved 1097728K
  class space    used 6652K, committed 6784K, reserved 1048576K
}
Event: 8.642 GC heap before
{Heap before GC invocations=16 (full 0):
 garbage-first heap   total 78848K, used 63827K [0x0000000080000000, 0x0000000100000000)
  region size 1024K, 31 young (31744K), 4 survivors (4096K)
 Metaspace       used 52576K, committed 52992K, reserved 1097728K
  class space    used 6943K, committed 7104K, reserved 1048576K
}
Event: 8.652 GC heap after
{Heap after GC invocations=17 (full 0):
 garbage-first heap   total 78848K, used 42325K [0x0000000080000000, 0x0000000100000000)
  region size 1024K, 4 young (4096K), 4 survivors (4096K)
 Metaspace       used 52576K, committed 52992K, reserved 1097728K
  class space    used 6943K, committed 7104K, reserved 1048576K
}
Event: 9.039 GC heap before
{Heap before GC invocations=17 (full 0):
 garbage-first heap   total 78848K, used 60757K [0x0000000080000000, 0x0000000100000000)
  region size 1024K, 22 young (22528K), 4 survivors (4096K)
 Metaspace       used 55489K, committed 55936K, reserved 1097728K
  class space    used 7298K, committed 7488K, reserved 1048576K
}
Event: 9.043 GC heap after
{Heap after GC invocations=18 (full 0):
 garbage-first heap   total 78848K, used 43250K [0x0000000080000000, 0x0000000100000000)
  region size 1024K, 1 young (1024K), 1 survivors (1024K)
 Metaspace       used 55489K, committed 55936K, reserved 1097728K
  class space    used 7298K, committed 7488K, reserved 1048576K
}
Event: 9.546 GC heap before
{Heap before GC invocations=19 (full 0):
 garbage-first heap   total 80896K, used 61682K [0x0000000080000000, 0x0000000100000000)
  region size 1024K, 19 young (19456K), 1 survivors (1024K)
 Metaspace       used 59028K, committed 59520K, reserved 1105920K
  class space    used 7784K, committed 8000K, reserved 1048576K
}
Event: 9.552 GC heap after
{Heap after GC invocations=20 (full 0):
 garbage-first heap   total 80896K, used 44071K [0x0000000080000000, 0x0000000100000000)
  region size 1024K, 2 young (2048K), 2 survivors (2048K)
 Metaspace       used 59028K, committed 59520K, reserved 1105920K
  class space    used 7784K, committed 8000K, reserved 1048576K
}
Event: 9.573 GC heap before
{Heap before GC invocations=20 (full 0):
 garbage-first heap   total 80896K, used 45095K [0x0000000080000000, 0x0000000100000000)
  region size 1024K, 3 young (3072K), 2 survivors (2048K)
 Metaspace       used 59142K, committed 59584K, reserved 1105920K
  class space    used 7805K, committed 8000K, reserved 1048576K
}
Event: 9.579 GC heap after
{Heap after GC invocations=21 (full 0):
 garbage-first heap   total 80896K, used 44122K [0x0000000080000000, 0x0000000100000000)
  region size 1024K, 1 young (1024K), 1 survivors (1024K)
 Metaspace       used 59142K, committed 59584K, reserved 1105920K
  class space    used 7805K, committed 8000K, reserved 1048576K
}
Event: 9.826 GC heap before
{Heap before GC invocations=21 (full 0):
 garbage-first heap   total 80896K, used 52314K [0x0000000080000000, 0x0000000100000000)
  region size 1024K, 10 young (10240K), 1 survivors (1024K)
 Metaspace       used 61047K, committed 61568K, reserved 1105920K
  class space    used 8036K, committed 8320K, reserved 1048576K
}
Event: 9.828 GC heap after
{Heap after GC invocations=22 (full 0):
 garbage-first heap   total 142336K, used 45366K [0x0000000080000000, 0x0000000100000000)
  region size 1024K, 2 young (2048K), 2 survivors (2048K)
 Metaspace       used 61047K, committed 61568K, reserved 1105920K
  class space    used 8036K, committed 8320K, reserved 1048576K
}
Event: 10.927 GC heap before
{Heap before GC invocations=22 (full 0):
 garbage-first heap   total 142336K, used 118070K [0x0000000080000000, 0x0000000100000000)
  region size 1024K, 66 young (67584K), 2 survivors (2048K)
 Metaspace       used 65695K, committed 66304K, reserved 1114112K
  class space    used 8640K, committed 8896K, reserved 1048576K
}
Event: 10.940 GC heap after
{Heap after GC invocations=23 (full 0):
 garbage-first heap   total 142336K, used 51164K [0x0000000080000000, 0x0000000100000000)
  region size 1024K, 8 young (8192K), 8 survivors (8192K)
 Metaspace       used 65695K, committed 66304K, reserved 1114112K
  class space    used 8640K, committed 8896K, reserved 1048576K
}
Event: 11.927 GC heap before
{Heap before GC invocations=23 (full 0):
 garbage-first heap   total 142336K, used 110556K [0x0000000080000000, 0x0000000100000000)
  region size 1024K, 66 young (67584K), 8 survivors (8192K)
 Metaspace       used 69864K, committed 70400K, reserved 1114112K
  class space    used 9383K, committed 9600K, reserved 1048576K
}
Event: 11.940 GC heap after
{Heap after GC invocations=24 (full 0):
 garbage-first heap   total 142336K, used 55165K [0x0000000080000000, 0x0000000100000000)
  region size 1024K, 4 young (4096K), 4 survivors (4096K)
 Metaspace       used 69864K, committed 70400K, reserved 1114112K
  class space    used 9383K, committed 9600K, reserved 1048576K
}
Event: 12.954 GC heap before
{Heap before GC invocations=24 (full 0):
 garbage-first heap   total 142336K, used 113533K [0x0000000080000000, 0x0000000100000000)
  region size 1024K, 61 young (62464K), 4 survivors (4096K)
 Metaspace       used 76260K, committed 76800K, reserved 1122304K
  class space    used 10403K, committed 10624K, reserved 1048576K
}
Event: 12.967 GC heap after
{Heap after GC invocations=25 (full 0):
 garbage-first heap   total 142336K, used 58862K [0x0000000080000000, 0x0000000100000000)
  region size 1024K, 8 young (8192K), 8 survivors (8192K)
 Metaspace       used 76260K, committed 76800K, reserved 1122304K
  class space    used 10403K, committed 10624K, reserved 1048576K
}

