# JRE version: OpenJDK Runtime Environment (17.0.6) (build 17.0.6+0-b2043.56-9586694)
# Java VM: OpenJDK 64-Bit Server VM (17.0.6+0-b2043.56-9586694, mixed mode, tiered, compressed oops, compressed class ptrs, g1 gc, windows-amd64)
GC Precious Log:
 CPUs: 4 total, 4 available
 Memory: 8108M
 Large Page Support: Disabled
 NUMA Support: Disabled
 Compressed Oops: Enabled (32-bit)
 Heap Region Size: 1M
 Heap Min Capacity: 8M
 Heap Initial Capacity: 128M
 Heap Max Capacity: 2G
 Pre-touch: Disabled
 Parallel Workers: 4
 Concurrent Workers: 1
 Concurrent Refinement Workers: 4
 Periodic GC: Disabled
Heap:
 garbage-first heap   total 132096K, used 95217K [0x0000000080000000, 0x0000000100000000)
  region size 1024K, 25 young (25600K), 5 survivors (5120K)
 Metaspace       used 83679K, committed 84288K, reserved 1122304K
  class space    used 11431K, committed 11712K, reserved 1048576K
GC Heap History (20 events):
Event: 12.050 GC heap before
{Heap before GC invocations=22 (full 0):
 garbage-first heap   total 106496K, used 83098K [0x0000000080000000, 0x0000000100000000)
  region size 1024K, 36 young (36864K), 5 survivors (5120K)
 Metaspace       used 65900K, committed 66432K, reserved 1114112K
  class space    used 8657K, committed 8896K, reserved 1048576K
}
Event: 12.061 GC heap after
{Heap after GC invocations=23 (full 0):
 garbage-first heap   total 106496K, used 53907K [0x0000000080000000, 0x0000000100000000)
  region size 1024K, 5 young (5120K), 5 survivors (5120K)
 Metaspace       used 65900K, committed 66432K, reserved 1114112K
  class space    used 8657K, committed 8896K, reserved 1048576K
}
Event: 13.023 GC heap before
{Heap before GC invocations=23 (full 0):
 garbage-first heap   total 106496K, used 84627K [0x0000000080000000, 0x0000000100000000)
  region size 1024K, 35 young (35840K), 5 survivors (5120K)
 Metaspace       used 69860K, committed 70400K, reserved 1114112K
  class space    used 9381K, committed 9600K, reserved 1048576K
}
Event: 13.039 GC heap after
{Heap after GC invocations=24 (full 0):
 garbage-first heap   total 106496K, used 55897K [0x0000000080000000, 0x0000000100000000)
  region size 1024K, 5 young (5120K), 5 survivors (5120K)
 Metaspace       used 69860K, committed 70400K, reserved 1114112K
  class space    used 9381K, committed 9600K, reserved 1048576K
}
Event: 14.416 GC heap before
{Heap before GC invocations=25 (full 0):
 garbage-first heap   total 106496K, used 85593K [0x0000000080000000, 0x0000000100000000)
  region size 1024K, 34 young (34816K), 5 survivors (5120K)
 Metaspace       used 73158K, committed 73728K, reserved 1114112K
  class space    used 9897K, committed 10176K, reserved 1048576K
}
Event: 14.427 GC heap after
{Heap after GC invocations=26 (full 0):
 garbage-first heap   total 106496K, used 58037K [0x0000000080000000, 0x0000000100000000)
  region size 1024K, 4 young (4096K), 4 survivors (4096K)
 Metaspace       used 73158K, committed 73728K, reserved 1114112K
  class space    used 9897K, committed 10176K, reserved 1048576K
}
Event: 15.001 GC heap before
{Heap before GC invocations=26 (full 0):
 garbage-first heap   total 106496K, used 86709K [0x0000000080000000, 0x0000000100000000)
  region size 1024K, 32 young (32768K), 4 survivors (4096K)
 Metaspace       used 76262K, committed 76800K, reserved 1122304K
  class space    used 10401K, committed 10624K, reserved 1048576K
}
Event: 15.010 GC heap after
{Heap after GC invocations=27 (full 0):
 garbage-first heap   total 106496K, used 59607K [0x0000000080000000, 0x0000000100000000)
  region size 1024K, 2 young (2048K), 2 survivors (2048K)
 Metaspace       used 76262K, committed 76800K, reserved 1122304K
  class space    used 10401K, committed 10624K, reserved 1048576K
}
Event: 15.793 GC heap before
{Heap before GC invocations=28 (full 0):
 garbage-first heap   total 106496K, used 87255K [0x0000000080000000, 0x0000000100000000)
  region size 1024K, 29 young (29696K), 2 survivors (2048K)
 Metaspace       used 79412K, committed 80000K, reserved 1122304K
  class space    used 10798K, committed 11072K, reserved 1048576K
}
Event: 15.800 GC heap after
{Heap after GC invocations=29 (full 0):
 garbage-first heap   total 106496K, used 61923K [0x0000000080000000, 0x0000000100000000)
  region size 1024K, 4 young (4096K), 4 survivors (4096K)
 Metaspace       used 79412K, committed 80000K, reserved 1122304K
  class space    used 10798K, committed 11072K, reserved 1048576K
}
Event: 15.812 GC heap before
{Heap before GC invocations=29 (full 0):
 garbage-first heap   total 106496K, used 62947K [0x0000000080000000, 0x0000000100000000)
  region size 1024K, 5 young (5120K), 4 survivors (4096K)
 Metaspace       used 79493K, committed 80064K, reserved 1122304K
  class space    used 10806K, committed 11072K, reserved 1048576K
}
Event: 15.819 GC heap after
{Heap after GC invocations=30 (full 0):
 garbage-first heap   total 128000K, used 61985K [0x0000000080000000, 0x0000000100000000)
  region size 1024K, 1 young (1024K), 1 survivors (1024K)
 Metaspace       used 79493K, committed 80064K, reserved 1122304K
  class space    used 10806K, committed 11072K, reserved 1048576K
}
Event: 16.418 GC heap before
{Heap before GC invocations=30 (full 0):
 garbage-first heap   total 128000K, used 102945K [0x0000000080000000, 0x0000000100000000)
  region size 1024K, 41 young (41984K), 1 survivors (1024K)
 Metaspace       used 80538K, committed 81152K, reserved 1122304K
  class space    used 10931K, committed 11200K, reserved 1048576K
}
Event: 16.429 GC heap after
{Heap after GC invocations=31 (full 0):
 garbage-first heap   total 128000K, used 67437K [0x0000000080000000, 0x0000000100000000)
  region size 1024K, 6 young (6144K), 6 survivors (6144K)
 Metaspace       used 80538K, committed 81152K, reserved 1122304K
  class space    used 10931K, committed 11200K, reserved 1048576K
}
Event: 17.609 GC heap before
{Heap before GC invocations=32 (full 0):
 garbage-first heap   total 130048K, used 103277K [0x0000000080000000, 0x0000000100000000)
  region size 1024K, 41 young (41984K), 6 survivors (6144K)
 Metaspace       used 82488K, committed 83072K, reserved 1122304K
  class space    used 11298K, committed 11584K, reserved 1048576K
}
Event: 17.624 GC heap after
{Heap after GC invocations=33 (full 0):
 garbage-first heap   total 130048K, used 72130K [0x0000000080000000, 0x0000000100000000)
  region size 1024K, 5 young (5120K), 5 survivors (5120K)
 Metaspace       used 82488K, committed 83072K, reserved 1122304K
  class space    used 11298K, committed 11584K, reserved 1048576K
}
Event: 18.292 GC heap before
{Heap before GC invocations=33 (full 0):
 garbage-first heap   total 130048K, used 103874K [0x0000000080000000, 0x0000000100000000)
  region size 1024K, 37 young (37888K), 5 survivors (5120K)
 Metaspace       used 83027K, committed 83648K, reserved 1122304K
  class space    used 11381K, committed 11648K, reserved 1048576K
}
Event: 18.302 GC heap after
{Heap after GC invocations=34 (full 0):
 garbage-first heap   total 130048K, used 74882K [0x0000000080000000, 0x0000000100000000)
  region size 1024K, 3 young (3072K), 3 survivors (3072K)
 Metaspace       used 83027K, committed 83648K, reserved 1122304K
  class space    used 11381K, committed 11648K, reserved 1048576K
}
Event: 19.124 GC heap before
{Heap before GC invocations=35 (full 0):
 garbage-first heap   total 132096K, used 105602K [0x0000000080000000, 0x0000000100000000)
  region size 1024K, 34 young (34816K), 3 survivors (3072K)
 Metaspace       used 83451K, committed 84032K, reserved 1122304K
  class space    used 11416K, committed 11648K, reserved 1048576K
}
Event: 19.133 GC heap after
{Heap after GC invocations=36 (full 0):
 garbage-first heap   total 132096K, used 76785K [0x0000000080000000, 0x0000000100000000)
  region size 1024K, 5 young (5120K), 5 survivors (5120K)
 Metaspace       used 83451K, committed 84032K, reserved 1122304K
  class space    used 11416K, committed 11648K, reserved 1048576K
}

