# JRE version: OpenJDK Runtime Environment (17.0.6) (build 17.0.6+0-b2043.56-9586694)
# Java VM: OpenJDK 64-Bit Server VM (17.0.6+0-b2043.56-9586694, mixed mode, tiered, compressed oops, compressed class ptrs, g1 gc, windows-amd64)
GC Precious Log:
 CPUs: 4 total, 4 available
 Memory: 8108M
 Large Page Support: Disabled
 NUMA Support: Disabled
 Compressed Oops: Enabled (32-bit)
 Heap Region Size: 1M
 Heap Min Capacity: 8M
 Heap Initial Capacity: 128M
 Heap Max Capacity: 2G
 Pre-touch: Disabled
 Parallel Workers: 4
 Concurrent Workers: 1
 Concurrent Refinement Workers: 4
 Periodic GC: Disabled
Heap:
 garbage-first heap   total 512000K, used 343677K [0x0000000080000000, 0x0000000100000000)
  region size 1024K, 132 young (135168K), 6 survivors (6144K)
 Metaspace       used 133107K, committed 134144K, reserved 1171456K
  class space    used 17576K, committed 18048K, reserved 1048576K
GC Heap History (20 events):
Event: 227.818 GC heap before
{Heap before GC invocations=49 (full 0):
 garbage-first heap   total 177152K, used 144594K [0x0000000080000000, 0x0000000100000000)
  region size 1024K, 3 young (3072K), 1 survivors (1024K)
 Metaspace       used 87436K, committed 88256K, reserved 1130496K
  class space    used 11944K, committed 12352K, reserved 1048576K
}
Event: 227.820 GC heap after
{Heap after GC invocations=50 (full 0):
 garbage-first heap   total 177152K, used 143456K [0x0000000080000000, 0x0000000100000000)
  region size 1024K, 1 young (1024K), 1 survivors (1024K)
 Metaspace       used 87436K, committed 88256K, reserved 1130496K
  class space    used 11944K, committed 12352K, reserved 1048576K
}
Event: 228.306 GC heap before
{Heap before GC invocations=51 (full 0):
 garbage-first heap   total 256000K, used 160864K [0x0000000080000000, 0x0000000100000000)
  region size 1024K, 11 young (11264K), 1 survivors (1024K)
 Metaspace       used 87736K, committed 88576K, reserved 1130496K
  class space    used 11970K, committed 12352K, reserved 1048576K
}
Event: 228.310 GC heap after
{Heap after GC invocations=52 (full 0):
 garbage-first heap   total 256000K, used 151590K [0x0000000080000000, 0x0000000100000000)
  region size 1024K, 2 young (2048K), 2 survivors (2048K)
 Metaspace       used 87736K, committed 88576K, reserved 1130496K
  class space    used 11970K, committed 12352K, reserved 1048576K
}
Event: 228.455 GC heap before
{Heap before GC invocations=52 (full 0):
 garbage-first heap   total 256000K, used 161830K [0x0000000080000000, 0x0000000100000000)
  region size 1024K, 12 young (12288K), 2 survivors (2048K)
 Metaspace       used 87850K, committed 88640K, reserved 1130496K
  class space    used 11978K, committed 12352K, reserved 1048576K
}
Event: 228.463 GC heap after
{Heap after GC invocations=53 (full 0):
 garbage-first heap   total 256000K, used 149980K [0x0000000080000000, 0x0000000100000000)
  region size 1024K, 2 young (2048K), 2 survivors (2048K)
 Metaspace       used 87850K, committed 88640K, reserved 1130496K
  class space    used 11978K, committed 12352K, reserved 1048576K
}
Event: 233.347 GC heap before
{Heap before GC invocations=53 (full 0):
 garbage-first heap   total 256000K, used 235996K [0x0000000080000000, 0x0000000100000000)
  region size 1024K, 58 young (59392K), 2 survivors (2048K)
 Metaspace       used 92031K, committed 92864K, reserved 1130496K
  class space    used 12530K, committed 12928K, reserved 1048576K
}
Event: 233.363 GC heap after
{Heap after GC invocations=54 (full 0):
 garbage-first heap   total 512000K, used 187741K [0x0000000080000000, 0x0000000100000000)
  region size 1024K, 8 young (8192K), 8 survivors (8192K)
 Metaspace       used 92031K, committed 92864K, reserved 1130496K
  class space    used 12530K, committed 12928K, reserved 1048576K
}
Event: 334.873 GC heap before
{Heap before GC invocations=55 (full 0):
 garbage-first heap   total 512000K, used 314717K [0x0000000080000000, 0x0000000100000000)
  region size 1024K, 132 young (135168K), 8 survivors (8192K)
 Metaspace       used 101679K, committed 102528K, reserved 1138688K
  class space    used 13573K, committed 13952K, reserved 1048576K
}
Event: 334.946 GC heap after
{Heap after GC invocations=56 (full 0):
 garbage-first heap   total 512000K, used 196666K [0x0000000080000000, 0x0000000100000000)
  region size 1024K, 17 young (17408K), 17 survivors (17408K)
 Metaspace       used 101679K, committed 102528K, reserved 1138688K
  class space    used 13573K, committed 13952K, reserved 1048576K
}
Event: 716.873 GC heap before
{Heap before GC invocations=56 (full 0):
 garbage-first heap   total 512000K, used 203834K [0x0000000080000000, 0x0000000100000000)
  region size 1024K, 25 young (25600K), 17 survivors (17408K)
 Metaspace       used 101741K, committed 102656K, reserved 1138688K
  class space    used 13573K, committed 13952K, reserved 1048576K
}
Event: 716.946 GC heap after
{Heap after GC invocations=57 (full 0):
 garbage-first heap   total 512000K, used 196815K [0x0000000080000000, 0x0000000100000000)
  region size 1024K, 2 young (2048K), 2 survivors (2048K)
 Metaspace       used 101741K, committed 102656K, reserved 1138688K
  class space    used 13573K, committed 13952K, reserved 1048576K
}
Event: 968.908 GC heap before
{Heap before GC invocations=57 (full 0):
 garbage-first heap   total 512000K, used 255183K [0x0000000080000000, 0x0000000100000000)
  region size 1024K, 61 young (62464K), 2 survivors (2048K)
 Metaspace       used 102747K, committed 103616K, reserved 1138688K
  class space    used 13705K, committed 14144K, reserved 1048576K
}
Event: 968.918 GC heap after
{Heap after GC invocations=58 (full 0):
 garbage-first heap   total 512000K, used 200406K [0x0000000080000000, 0x0000000100000000)
  region size 1024K, 6 young (6144K), 6 survivors (6144K)
 Metaspace       used 102747K, committed 103616K, reserved 1138688K
  class space    used 13705K, committed 14144K, reserved 1048576K
}
Event: 977.286 GC heap before
{Heap before GC invocations=59 (full 0):
 garbage-first heap   total 512000K, used 412374K [0x0000000080000000, 0x0000000100000000)
  region size 1024K, 195 young (199680K), 6 survivors (6144K)
 Metaspace       used 113827K, committed 114816K, reserved 1155072K
  class space    used 15093K, committed 15552K, reserved 1048576K
}
Event: 977.310 GC heap after
{Heap after GC invocations=60 (full 0):
 garbage-first heap   total 512000K, used 210036K [0x0000000080000000, 0x0000000100000000)
  region size 1024K, 15 young (15360K), 15 survivors (15360K)
 Metaspace       used 113827K, committed 114816K, reserved 1155072K
  class space    used 15093K, committed 15552K, reserved 1048576K
}
Event: 977.771 GC heap before
{Heap before GC invocations=60 (full 0):
 garbage-first heap   total 512000K, used 219252K [0x0000000080000000, 0x0000000100000000)
  region size 1024K, 25 young (25600K), 15 survivors (15360K)
 Metaspace       used 114020K, committed 114944K, reserved 1155072K
  class space    used 15112K, committed 15552K, reserved 1048576K
}
Event: 977.798 GC heap after
{Heap after GC invocations=61 (full 0):
 garbage-first heap   total 512000K, used 208896K [0x0000000080000000, 0x0000000100000000)
  region size 1024K, 3 young (3072K), 3 survivors (3072K)
 Metaspace       used 114020K, committed 114944K, reserved 1155072K
  class space    used 15112K, committed 15552K, reserved 1048576K
}
Event: 980.075 GC heap before
{Heap before GC invocations=61 (full 0):
 garbage-first heap   total 512000K, used 244736K [0x0000000080000000, 0x0000000100000000)
  region size 1024K, 40 young (40960K), 3 survivors (3072K)
 Metaspace       used 120969K, committed 121920K, reserved 1155072K
  class space    used 15998K, committed 16448K, reserved 1048576K
}
Event: 980.085 GC heap after
{Heap after GC invocations=62 (full 0):
 garbage-first heap   total 512000K, used 211581K [0x0000000080000000, 0x0000000100000000)
  region size 1024K, 6 young (6144K), 6 survivors (6144K)
 Metaspace       used 120969K, committed 121920K, reserved 1155072K
  class space    used 15998K, committed 16448K, reserved 1048576K
}

