# JRE version: OpenJDK Runtime Environment (17.0.6) (build 17.0.6+0-b2043.56-9586694)
# Java VM: OpenJDK 64-Bit Server VM (17.0.6+0-b2043.56-9586694, mixed mode, tiered, compressed oops, compressed class ptrs, g1 gc, windows-amd64)
GC Precious Log:
 CPUs: 4 total, 4 available
 Memory: 8108M
 Large Page Support: Disabled
 NUMA Support: Disabled
 Compressed Oops: Enabled (32-bit)
 Heap Region Size: 1M
 Heap Min Capacity: 8M
 Heap Initial Capacity: 128M
 Heap Max Capacity: 2G
 Pre-touch: Disabled
 Parallel Workers: 4
 Concurrent Workers: 1
 Concurrent Refinement Workers: 4
 Periodic GC: Disabled
Heap:
 garbage-first heap   total 129024K, used 81455K [0x0000000080000000, 0x0000000100000000)
  region size 1024K, 35 young (35840K), 6 survivors (6144K)
 Metaspace       used 69433K, committed 69952K, reserved 1114112K
  class space    used 9279K, committed 9472K, reserved 1048576K
GC Heap History (20 events):
Event: 7.675 GC heap before
{Heap before GC invocations=13 (full 0):
 garbage-first heap   total 65536K, used 49911K [0x0000000080000000, 0x0000000100000000)
  region size 1024K, 24 young (24576K), 3 survivors (3072K)
 Metaspace       used 44323K, committed 44736K, reserved 1089536K
  class space    used 5870K, committed 6080K, reserved 1048576K
}
Event: 7.681 GC heap after
{Heap after GC invocations=14 (full 0):
 garbage-first heap   total 78848K, used 30404K [0x0000000080000000, 0x0000000100000000)
  region size 1024K, 2 young (2048K), 2 survivors (2048K)
 Metaspace       used 44323K, committed 44736K, reserved 1089536K
  class space    used 5870K, committed 6080K, reserved 1048576K
}
Event: 8.200 GC heap before
{Heap before GC invocations=14 (full 0):
 garbage-first heap   total 78848K, used 60100K [0x0000000080000000, 0x0000000100000000)
  region size 1024K, 30 young (30720K), 2 survivors (2048K)
 Metaspace       used 48646K, committed 49024K, reserved 1097728K
  class space    used 6426K, committed 6592K, reserved 1048576K
}
Event: 8.205 GC heap after
{Heap after GC invocations=15 (full 0):
 garbage-first heap   total 78848K, used 31723K [0x0000000080000000, 0x0000000100000000)
  region size 1024K, 4 young (4096K), 4 survivors (4096K)
 Metaspace       used 48646K, committed 49024K, reserved 1097728K
  class space    used 6426K, committed 6592K, reserved 1048576K
}
Event: 8.817 GC heap before
{Heap before GC invocations=15 (full 0):
 garbage-first heap   total 78848K, used 59371K [0x0000000080000000, 0x0000000100000000)
  region size 1024K, 32 young (32768K), 4 survivors (4096K)
 Metaspace       used 50449K, committed 50880K, reserved 1097728K
  class space    used 6647K, committed 6848K, reserved 1048576K
}
Event: 8.824 GC heap after
{Heap after GC invocations=16 (full 0):
 garbage-first heap   total 78848K, used 33724K [0x0000000080000000, 0x0000000100000000)
  region size 1024K, 4 young (4096K), 4 survivors (4096K)
 Metaspace       used 50449K, committed 50880K, reserved 1097728K
  class space    used 6647K, committed 6848K, reserved 1048576K
}
Event: 9.338 GC heap before
{Heap before GC invocations=16 (full 0):
 garbage-first heap   total 78848K, used 62396K [0x0000000080000000, 0x0000000100000000)
  region size 1024K, 30 young (30720K), 4 survivors (4096K)
 Metaspace       used 52740K, committed 53184K, reserved 1097728K
  class space    used 6957K, committed 7168K, reserved 1048576K
}
Event: 9.345 GC heap after
{Heap after GC invocations=17 (full 0):
 garbage-first heap   total 78848K, used 41382K [0x0000000080000000, 0x0000000100000000)
  region size 1024K, 4 young (4096K), 4 survivors (4096K)
 Metaspace       used 52740K, committed 53184K, reserved 1097728K
  class space    used 6957K, committed 7168K, reserved 1048576K
}
Event: 10.027 GC heap before
{Heap before GC invocations=17 (full 0):
 garbage-first heap   total 78848K, used 60838K [0x0000000080000000, 0x0000000100000000)
  region size 1024K, 23 young (23552K), 4 survivors (4096K)
 Metaspace       used 55872K, committed 56320K, reserved 1105920K
  class space    used 7333K, committed 7552K, reserved 1048576K
}
Event: 10.033 GC heap after
{Heap after GC invocations=18 (full 0):
 garbage-first heap   total 78848K, used 42412K [0x0000000080000000, 0x0000000100000000)
  region size 1024K, 1 young (1024K), 1 survivors (1024K)
 Metaspace       used 55872K, committed 56320K, reserved 1105920K
  class space    used 7333K, committed 7552K, reserved 1048576K
}
Event: 11.070 GC heap before
{Heap before GC invocations=19 (full 0):
 garbage-first heap   total 78848K, used 61868K [0x0000000080000000, 0x0000000100000000)
  region size 1024K, 20 young (20480K), 1 survivors (1024K)
 Metaspace       used 59441K, committed 59904K, reserved 1105920K
  class space    used 7839K, committed 8064K, reserved 1048576K
}
Event: 11.075 GC heap after
{Heap after GC invocations=20 (full 0):
 garbage-first heap   total 78848K, used 43276K [0x0000000080000000, 0x0000000100000000)
  region size 1024K, 2 young (2048K), 2 survivors (2048K)
 Metaspace       used 59441K, committed 59904K, reserved 1105920K
  class space    used 7839K, committed 8064K, reserved 1048576K
}
Event: 11.233 GC heap before
{Heap before GC invocations=20 (full 0):
 garbage-first heap   total 78848K, used 48396K [0x0000000080000000, 0x0000000100000000)
  region size 1024K, 9 young (9216K), 2 survivors (2048K)
 Metaspace       used 61058K, committed 61568K, reserved 1105920K
  class space    used 8025K, committed 8256K, reserved 1048576K
}
Event: 11.237 GC heap after
{Heap after GC invocations=21 (full 0):
 garbage-first heap   total 78848K, used 44583K [0x0000000080000000, 0x0000000100000000)
  region size 1024K, 3 young (3072K), 3 survivors (3072K)
 Metaspace       used 61058K, committed 61568K, reserved 1105920K
  class space    used 8025K, committed 8256K, reserved 1048576K
}
Event: 11.466 GC heap before
{Heap before GC invocations=22 (full 0):
 garbage-first heap   total 107520K, used 69159K [0x0000000080000000, 0x0000000100000000)
  region size 1024K, 21 young (21504K), 3 survivors (3072K)
 Metaspace       used 61934K, committed 62464K, reserved 1105920K
  class space    used 8161K, committed 8384K, reserved 1048576K
}
Event: 11.471 GC heap after
{Heap after GC invocations=23 (full 0):
 garbage-first heap   total 107520K, used 46528K [0x0000000080000000, 0x0000000100000000)
  region size 1024K, 3 young (3072K), 3 survivors (3072K)
 Metaspace       used 61934K, committed 62464K, reserved 1105920K
  class space    used 8161K, committed 8384K, reserved 1048576K
}
Event: 11.910 GC heap before
{Heap before GC invocations=23 (full 0):
 garbage-first heap   total 107520K, used 78272K [0x0000000080000000, 0x0000000100000000)
  region size 1024K, 34 young (34816K), 3 survivors (3072K)
 Metaspace       used 64652K, committed 65216K, reserved 1114112K
  class space    used 8479K, committed 8704K, reserved 1048576K
}
Event: 11.917 GC heap after
{Heap after GC invocations=24 (full 0):
 garbage-first heap   total 129024K, used 49373K [0x0000000080000000, 0x0000000100000000)
  region size 1024K, 5 young (5120K), 5 survivors (5120K)
 Metaspace       used 64652K, committed 65216K, reserved 1114112K
  class space    used 8479K, committed 8704K, reserved 1048576K
}
Event: 12.465 GC heap before
{Heap before GC invocations=24 (full 0):
 garbage-first heap   total 129024K, used 93405K [0x0000000080000000, 0x0000000100000000)
  region size 1024K, 47 young (48128K), 5 survivors (5120K)
 Metaspace       used 65753K, committed 66240K, reserved 1114112K
  class space    used 8639K, committed 8832K, reserved 1048576K
}
Event: 12.477 GC heap after
{Heap after GC invocations=25 (full 0):
 garbage-first heap   total 129024K, used 52783K [0x0000000080000000, 0x0000000100000000)
  region size 1024K, 6 young (6144K), 6 survivors (6144K)
 Metaspace       used 65753K, committed 66240K, reserved 1114112K
  class space    used 8639K, committed 8832K, reserved 1048576K
}

